<?xml version="1.0" encoding="UTF-8"?>
<!-- Generated by org.testng.reporters.JUnitReportReporter -->
<testsuite hostname="DESKTOP-C8NETJI" failures="0" tests="1" name="com.TestRunner.qa.TestRunnerClass" time="1.010" errors="0" timestamp="2022-12-29T19:06:12 PST" skipped="0">
  <testcase classname="com.TestRunner.qa.TestRunnerClass" name="feature" time="1.010"/>
  <system-out/>
</testsuite> <!-- com.TestRunner.qa.TestRunnerClass -->
